[2026-06-06 19:39:00] --- Data Quality Log: clean_sku_master ---
Shape: (1324, 26)
  - Imputed values: 463
  - Weight conflicts: 78

[2026-06-06 19:39:05] --- Data Quality Log: clean_distributors ---
Shape: (1369, 16)
  - Ambiguous locations (Multi-branch): 1108
  - Unusable/Unknown geography: 0

[2026-06-06 19:39:09] --- Data Quality Log: clean_distributors ---
Shape: (1369, 16)
  - Ambiguous locations (Multi-branch): 1108
  - Unusable/Unknown geography: 0

[2026-06-06 19:39:12] --- Data Quality Log: clean_shipments ---
Shape: (20783, 34)
  - Unknown Provinces remaining: 0
  - Geographic source breakdown:
  -     * distributor_match: 20783

[2026-06-06 19:42:02] --- Data Quality Log: clean_sku_master ---
Shape: (1324, 26)
  - Total Unique SKUs: 1324
  - Imputed values: 463
  - Weight conflicts: 78
  - Top 3 Categories: CW, Fan, SDA

[2026-06-06 19:42:06] --- Data Quality Log: clean_distributors ---
Shape: (1369, 16)
  - Unique Customers: 569
  - Ambiguous locations (Multi-branch): 1108
  - Unusable/Unknown geography: 0
  - Top 3 Provinces: Hồ Chí Minh, Hà Nội, Bình Dương

[2026-06-06 19:42:10] --- Data Quality Log: clean_distributors ---
Shape: (1369, 16)
  - Unique Customers: 569
  - Ambiguous locations (Multi-branch): 1108
  - Unusable/Unknown geography: 0
  - Top 3 Provinces: Hồ Chí Minh, Hà Nội, Bình Dương

[2026-06-06 19:42:14] --- Data Quality Log: clean_shipments ---
Shape: (20783, 34)
  - Total Quantity: 265,212.73
  - Total Volume (CBM): 15,198.85
  - Date Range: 2025-06-02 to 2025-12-30
  - Unknown Provinces remaining: 0
  - Geographic source breakdown:
  -     * distributor_match: 20783

[2026-06-06 19:43:23] --- Data Quality Log: clean_sku_master ---
Shape: (1324, 26)
  - Total Unique SKUs: 1324
  - Imputed values: 463
  - Weight conflicts: 78
  - Top 3 Categories: CW, Fan, SDA

[2026-06-06 19:43:28] --- Data Quality Log: clean_distributors ---
Shape: (1369, 16)
  - Unique Customers: 569
  - Ambiguous locations (Multi-branch): 1108
  - Unusable/Unknown geography: 0
  - Top 3 Provinces: Hồ Chí Minh, Hà Nội, Bình Dương

[2026-06-06 19:43:31] --- Data Quality Log: clean_shipments ---
Shape: (20783, 34)
  - Total Quantity: 265,212.73
  - Total Volume (CBM): 15,198.85
  - Date Range: 2025-06-02 to 2025-12-30
  - Unknown Provinces remaining: 0
  - Geographic source breakdown:
  -     * distributor_match: 20783

[2026-06-06 19:49:02] --- Data Quality Log: clean_sku_master ---
Shape: (1324, 26)
  - Total Unique SKUs: 1324
  - Imputed values: 463
  - Weight conflicts: 78
  - Top 3 Categories: CW, Fan, SDA

[2026-06-06 19:49:42] --- Data Quality Log: clean_sku_master ---
Shape: (1324, 26)
  - Total Unique SKUs: 1324
  - Imputed values: 463
  - Weight conflicts: 78
  - Top 3 Categories: CW, Fan, SDA

[2026-06-06 19:49:46] --- Data Quality Log: clean_distributors ---
Shape: (1369, 16)
  - Unique Customers: 569
  - Ambiguous locations (Multi-branch): 1108
  - Unusable/Unknown geography: 0
  - Top 3 Provinces: Hồ Chí Minh, Hà Nội, Bình Dương

[2026-06-06 19:49:50] --- Data Quality Log: clean_shipments ---
Shape: (20783, 35)
  - Total Quantity: 265,212.73
  - Total Volume (CBM): 15,198.85
  - Date Range: 2025-06-02 to 2025-12-30
  - Unknown Provinces remaining: 0
  - Geographic source breakdown:
  -     * distributor_match: 20783

[2026-06-06 19:52:26] --- Data Quality Log: clean_sku_master ---
Shape: (1324, 26)
  - Total Unique SKUs: 1324
  - Imputed values: 463
  - Weight conflicts: 78
  - Top 3 Categories: CW, Fan, SDA

[2026-06-06 19:52:30] --- Data Quality Log: clean_distributors ---
Shape: (1369, 16)
  - Unique Customers: 569
  - Ambiguous locations (Multi-branch): 1108
  - Unusable/Unknown geography: 0
  - Top 3 Provinces: Hồ Chí Minh, Hà Nội, Bình Dương

[2026-06-06 19:52:33] --- Data Quality Log: clean_shipments ---
Shape: (20783, 35)
  - Total Quantity: 265,212.73
  - Total Volume (CBM): 15,198.85
  - Date Range: 2025-06-02 to 2025-12-30
  - Unknown Provinces remaining: 0
  - Geographic source breakdown:
  -     * distributor_match: 20783

[2026-06-06 19:55:35] --- Data Quality Log: clean_sku_master ---
Shape: (1324, 26)
  - Total Unique SKUs: 1324
  - Imputed values: 463
  - Weight conflicts: 78
  - Top 3 Categories: CW, Fan, SDA

[2026-06-06 19:55:40] --- Data Quality Log: clean_distributors ---
Shape: (1369, 16)
  - Unique Customers: 569
  - Ambiguous locations (Multi-branch): 1108
  - Unusable/Unknown geography: 0
  - Top 3 Provinces: Hồ Chí Minh, Hà Nội, Bình Dương

[2026-06-06 19:55:43] --- Data Quality Log: clean_shipments ---
Shape: (20783, 35)
  - Total Quantity: 265,212.73
  - Total Volume (CBM): 15,198.85
  - Date Range: 2025-06-02 to 2025-12-30
  - Unknown Provinces remaining: 0
  - Geographic source breakdown:
  -     * distributor_match: 20783

[2026-06-06 19:57:33] --- Data Quality Log: clean_sku_master ---
Shape: (1324, 26)
  - Total Unique SKUs: 1324
  - Imputed values: 463
  - Weight conflicts: 78
  - Top 3 Categories: CW, Fan, SDA

[2026-06-06 19:57:37] --- Data Quality Log: clean_distributors ---
Shape: (1369, 16)
  - Unique Customers: 569
  - Ambiguous locations (Multi-branch): 1108
  - Unusable/Unknown geography: 0
  - Top 3 Provinces: Hồ Chí Minh, Hà Nội, Bình Dương

[2026-06-06 19:57:41] --- Data Quality Log: clean_shipments ---
Shape: (20783, 35)
  - Total Quantity: 265,212.73
  - Total Volume (CBM): 15,198.85
  - Date Range: 2025-06-02 to 2025-12-30
  - Unknown Provinces remaining: 0
  - Geographic source breakdown:
  -     * distributor_match: 20783

[2026-06-06 20:00:10] --- Data Quality Log: clean_distributors ---
Shape: (1369, 16)
  - Unique Customers: 569
  - Ambiguous locations (Multi-branch): 1108
  - Unusable/Unknown geography: 0
  - Top 3 Provinces: Hồ Chí Minh, Hà Nội, Bình Dương

[2026-06-06 20:00:27] --- Data Quality Log: clean_distributors ---
Shape: (1369, 16)
  - Unique Customers: 569
  - Ambiguous locations (Multi-branch): 1108
  - Unusable/Unknown geography: 0
  - Top 3 Provinces: Hồ Chí Minh, Hà Nội, Bình Dương

[2026-06-06 20:01:30] --- Data Quality Log: clean_distributors ---
Shape: (1369, 16)
  - Unique Customers: 569
  - Ambiguous locations (Multi-branch): 1108
  - Unusable/Unknown geography: 0
  - Top 3 Provinces: Hồ Chí Minh, Hà Nội, Bình Dương

[2026-06-06 20:01:47] --- Data Quality Log: clean_distributors ---
Shape: (1369, 16)
  - Unique Customers: 569
  - Ambiguous locations (Multi-branch): 1108
  - Unusable/Unknown geography: 0
  - Top 3 Provinces: Hồ Chí Minh, Hà Nội, Bình Dương

[2026-06-06 20:02:16] --- Data Quality Log: clean_distributors ---
Shape: (1369, 16)
  - Unique Customers: 569
  - Ambiguous locations (Multi-branch): 1108
  - Unusable/Unknown geography: 0
  - Top 3 Provinces: Hồ Chí Minh, Hà Nội, Bình Dương

[2026-06-06 20:02:59] --- Data Quality Log: clean_sku_master ---
Shape: (1324, 26)
  - Total Unique SKUs: 1324
  - Imputed values: 463
  - Weight conflicts: 78
  - Top 3 Categories: CW, Fan, SDA

[2026-06-06 20:03:03] --- Data Quality Log: clean_distributors ---
Shape: (1218, 16)
  - Unique Customers: 569
  - Ambiguous locations (Multi-branch): 860
  - Unusable/Unknown geography: 0
  - Top 3 Provinces: Hồ Chí Minh, Hà Nội, Bình Dương

[2026-06-06 20:03:07] --- Data Quality Log: clean_shipments ---
Shape: (20783, 35)
  - Total Quantity: 265,212.73
  - Total Volume (CBM): 15,198.85
  - Date Range: 2025-06-02 to 2025-12-30
  - Unknown Provinces remaining: 0
  - Geographic source breakdown:
  -     * distributor_match: 20783

[2026-06-06 20:05:30] --- Data Quality Log: clean_sku_master ---
Shape: (1324, 26)
  - Total Unique SKUs: 1324
  - Imputed values: 463
  - Weight conflicts: 78
  - Top 3 Categories: CW, Fan, SDA

[2026-06-06 20:05:35] --- Data Quality Log: clean_distributors ---
Shape: (1218, 16)
  - Unique Customers: 569
  - Ambiguous locations (Multi-branch): 860
  - Unusable/Unknown geography: 0
  - Top 3 Provinces: Hồ Chí Minh, Hà Nội, Bình Dương

[2026-06-06 20:05:38] --- Data Quality Log: clean_shipments ---
Shape: (20783, 35)
  - Total Quantity: 265,212.73
  - Total Volume (CBM): 15,198.85
  - Date Range: 2025-06-02 to 2025-12-30
  - Unknown Provinces remaining: 0
  - Geographic source breakdown:
  -     * distributor_match: 20783

[2026-06-06 20:06:20] --- Data Quality Log: clean_distributors ---
Shape: (1218, 16)
  - Unique Customers: 569
  - Ambiguous locations (Multi-branch): 860
  - Unusable/Unknown geography: 0
  - Top 3 Provinces: Hồ Chí Minh, Hà Nội, Bình Dương

[2026-06-06 20:09:02] --- Data Quality Log: clean_sku_master ---
Shape: (1324, 26)
  - Total Unique SKUs: 1324
  - Imputed values: 463
  - Weight conflicts: 78
  - Top 3 Categories: CW, Fan, SDA

[2026-06-06 20:09:06] --- Data Quality Log: clean_distributors ---
Shape: (1218, 16)
  - Unique Customers: 569
  - Ambiguous locations (Multi-branch): 860
  - Unusable/Unknown geography: 0
  - Top 3 Provinces: Hồ Chí Minh, Hà Nội, Bình Dương

[2026-06-06 20:09:10] --- Data Quality Log: clean_shipments ---
Shape: (20783, 35)
  - Total Quantity: 265,212.73
  - Total Volume (CBM): 15,198.85
  - Date Range: 2025-06-02 to 2025-12-30
  - Unknown Provinces remaining: 0
  - Geographic source breakdown:
  -     * distributor_match: 20783

[2026-06-06 20:09:51] --- Data Quality Log: clean_sku_master ---
Shape: (1324, 26)
  - Total Unique SKUs: 1324
  - Imputed values: 463
  - Weight conflicts: 78
  - Top 3 Categories: CW, Fan, SDA

[2026-06-06 20:09:55] --- Data Quality Log: clean_distributors ---
Shape: (1218, 16)
  - Unique Customers: 569
  - Ambiguous locations (Multi-branch): 860
  - Unusable/Unknown geography: 0
  - Top 3 Provinces: Hồ Chí Minh, Hà Nội, Bình Dương

[2026-06-06 20:09:58] --- Data Quality Log: clean_shipments ---
Shape: (20783, 35)
  - Total Quantity: 265,212.73
  - Total Volume (CBM): 15,198.85
  - Date Range: 2025-06-02 to 2025-12-30
  - Unknown Provinces remaining: 0
  - Geographic source breakdown:
  -     * distributor_match: 20783

[2026-06-06 20:15:40] --- Data Quality Log: clean_sku_master ---
Shape: (1324, 26)
  - Total Unique SKUs: 1324
  - Imputed values: 463
  - Weight conflicts: 78
  - Top 3 Categories: CW, Fan, SDA

[2026-06-06 20:15:45] --- Data Quality Log: clean_distributors ---
Shape: (1218, 16)
  - Unique Customers: 569
  - Ambiguous locations (Multi-branch): 860
  - Unusable/Unknown geography: 0
  - Top 3 Provinces: Hồ Chí Minh, Hà Nội, Bình Dương

[2026-06-06 20:15:48] --- Data Quality Log: clean_shipments ---
Shape: (20783, 36)
[2026-06-06 20:19:32] --- Data Quality Log: clean_distributors ---
Shape: (1218, 16)
  - Unique Customers: 569
  - Ambiguous locations (Multi-branch): 860
  - Unusable/Unknown geography: 0
  - Top 3 Provinces: Hồ Chí Minh, Hà Nội, Bình Dương

[2026-06-06 20:19:32] --- Data Quality Log: clean_sku_master ---
Shape: (1324, 26)
  - Total Unique SKUs: 1324
  - Imputed values: 463
  - Weight conflicts: 78
  - Top 3 Categories: CW, Fan, SDA

[2026-06-06 20:20:02] --- Data Quality Log: clean_sku_master ---
Shape: (1324, 26)
  - Total Unique SKUs: 1324
  - Imputed values: 463
  - Weight conflicts: 78
  - Top 3 Categories: CW, Fan, SDA

[2026-06-06 20:20:07] --- Data Quality Log: clean_distributors ---
Shape: (1218, 16)
  - Unique Customers: 569
  - Ambiguous locations (Multi-branch): 860
  - Unusable/Unknown geography: 0
  - Top 3 Provinces: Hồ Chí Minh, Hà Nội, Bình Dương

[2026-06-06 20:20:10] --- Data Quality Log: clean_shipments ---
Shape: (20783, 35)
  - Total Quantity: 265,212.73
  - Total Volume (CBM): 15,198.85
  - Date Range: 2025-06-02 to 2025-12-30
  - Unknown Provinces remaining: 0
  - Geographic source breakdown:
  -     * distributor_match: 20783

[2026-06-06 20:25:37] --- Data Quality Log: clean_sku_master ---
Shape: (1324, 26)
  - Total Unique SKUs: 1324
  - Imputed values: 463
  - Weight conflicts: 78
  - Top 3 Categories: CW, Fan, SDA

[2026-06-06 20:25:42] --- Data Quality Log: clean_distributors ---
Shape: (1218, 16)
  - Unique Customers: 569
  - Ambiguous locations (Multi-branch): 860
  - Unusable/Unknown geography: 0
  - Top 3 Provinces: Hồ Chí Minh, Hà Nội, Bình Dương

[2026-06-06 20:25:45] --- Data Quality Log: clean_shipments ---
Shape: (20783, 35)
  - Total Quantity: 265,212.73
  - Total Volume (CBM): 15,198.85
  - Date Range: 2025-06-02 to 2025-12-30
  - Unknown Provinces remaining: 0
  - Geographic source breakdown:
  -     * distributor_match: 20783

[2026-06-06 20:27:48] --- Data Quality Log: clean_sku_master ---
Shape: (1324, 26)
  - Total Unique SKUs: 1324
  - Imputed values: 463
  - Weight conflicts: 78
  - Top 3 Categories: CW, Fan, SDA

[2026-06-06 20:27:52] --- Data Quality Log: clean_distributors ---
Shape: (1218, 16)
  - Unique Customers: 569
  - Ambiguous locations (Multi-branch): 860
  - Unusable/Unknown geography: 0
  - Top 3 Provinces: Hồ Chí Minh, Hà Nội, Bình Dương

[2026-06-06 20:27:55] --- Data Quality Log: clean_shipments ---
Shape: (20783, 35)
  - Total Quantity: 265,212.73
  - Total Volume (CBM): 15,198.85
  - Date Range: 2025-06-02 to 2025-12-30
  - Unknown Provinces remaining: 0
  - Geographic source breakdown:
  -     * distributor_match: 20783

[2026-06-06 20:40:17] --- Data Quality Log: clean_sku_master ---
Shape: (1324, 26)
  - Total Unique SKUs: 1324
  - Imputed values: 463
  - Weight conflicts: 78
  - Top 3 Categories: CW, Fan, SDA

[2026-06-06 20:40:21] --- Data Quality Log: clean_distributors ---
Shape: (1218, 16)
  - Unique Customers: 569
  - Ambiguous locations (Multi-branch): 860
  - Unusable/Unknown geography: 0
  - Top 3 Provinces: Hồ Chí Minh, Hà Nội, Bình Dương

[2026-06-06 20:40:24] --- Data Quality Log: clean_shipments ---
Shape: (20783, 35)
  - Total Quantity: 265,212.73
  - Total Volume (CBM): 15,198.85
  - Date Range: 2025-06-02 to 2025-12-30
  - Unknown Provinces remaining: 0
  - Geographic source breakdown:
  -     * distributor_match: 20783

[2026-06-06 20:49:01] --- Data Quality Log: clean_sku_master ---
Shape: (1324, 26)
  - Total Unique SKUs: 1324
  - Imputed values: 463
  - Weight conflicts: 78
  - Top 3 Categories: CW, Fan, SDA

[2026-06-06 20:49:06] --- Data Quality Log: clean_distributors ---
Shape: (1218, 16)
  - Unique Customers: 569
  - Ambiguous locations (Multi-branch): 860
  - Unusable/Unknown geography: 0
  - Top 3 Provinces: Hồ Chí Minh, Hà Nội, Bình Dương

[2026-06-06 20:49:09] --- Data Quality Log: clean_shipments ---
Shape: (20783, 35)
  - Total Quantity: 265,212.73
  - Total Volume (CBM): 15,198.85
  - Date Range: 2025-06-02 to 2025-12-30
  - Unknown Provinces remaining: 0
  - Geographic source breakdown:
  -     * distributor_match: 20783

[2026-06-06 20:53:37] --- Data Quality Log: clean_sku_master ---
Shape: (1324, 26)
  - Total Unique SKUs: 1324
  - Imputed values: 463
  - Weight conflicts: 78
  - Top 3 Categories: CW, Fan, SDA

[2026-06-06 20:53:41] --- Data Quality Log: clean_distributors ---
Shape: (1218, 16)
  - Unique Customers: 569
  - Ambiguous locations (Multi-branch): 860
  - Unusable/Unknown geography: 0
  - Top 3 Provinces: Hồ Chí Minh, Hà Nội, Bình Dương

[2026-06-06 20:53:44] --- Data Quality Log: clean_shipments ---
Shape: (20783, 35)
  - Total Quantity: 265,212.73
  - Total Volume (CBM): 15,198.85
  - Date Range: 2025-06-02 to 2025-12-30
  - Unknown Provinces remaining: 0
  - Geographic source breakdown:
  -     * distributor_match: 20783

[2026-06-06 20:57:02] --- Data Quality Log: clean_sku_master ---
Shape: (1324, 26)
  - Total Unique SKUs: 1324
  - Imputed values: 463
  - Weight conflicts: 78
  - Top 3 Categories: CW, Fan, SDA

[2026-06-06 20:57:06] --- Data Quality Log: clean_distributors ---
Shape: (1218, 16)
  - Unique Customers: 569
  - Ambiguous locations (Multi-branch): 860
  - Unusable/Unknown geography: 0
  - Top 3 Provinces: Hồ Chí Minh, Hà Nội, Bình Dương

[2026-06-06 20:57:09] --- Data Quality Log: clean_shipments ---
Shape: (20783, 35)
  - Total Quantity: 265,212.73
  - Total Volume (CBM): 15,198.85
  - Date Range: 2025-06-02 to 2025-12-30
  - Unknown Provinces remaining: 0
  - Geographic source breakdown:
  -     * distributor_match: 20783

[2026-06-06 21:01:20] --- Data Quality Log: clean_sku_master ---
Shape: (1324, 26)
  - Total Unique SKUs: 1324
  - Imputed values: 463
  - Weight conflicts: 78
  - Top 3 Categories: CW, Fan, SDA

[2026-06-06 21:01:25] --- Data Quality Log: clean_distributors ---
Shape: (1218, 16)
  - Unique Customers: 569
  - Ambiguous locations (Multi-branch): 860
  - Unusable/Unknown geography: 0
  - Top 3 Provinces: Hồ Chí Minh, Hà Nội, Bình Dương

[2026-06-06 21:01:29] --- Data Quality Log: clean_shipments ---
Shape: (20783, 35)
  - Total Quantity: 265,212.73
  - Total Volume (CBM): 15,198.85
  - Date Range: 2025-06-02 to 2025-12-30
  - Unknown Provinces remaining: 0
  - Geographic source breakdown:
  -     * distributor_match: 20783

[2026-06-06 23:17:55] --- Data Quality Log: clean_sku_master ---
Shape: (1324, 26)
  - Total Unique SKUs: 1324
  - Imputed values: 463
  - Weight conflicts: 78
  - Top 3 Categories: CW, Fan, SDA

[2026-06-06 23:17:59] --- Data Quality Log: clean_distributors ---
Shape: (1218, 16)
  - Unique Customers: 569
  - Ambiguous locations (Multi-branch): 860
  - Unusable/Unknown geography: 0
  - Top 3 Provinces: Hồ Chí Minh, Hà Nội, Bình Dương

[2026-06-06 23:18:03] --- Data Quality Log: clean_shipments ---
Shape: (20783, 35)
  - Total Quantity: 265,212.73
  - Total Volume (CBM): 15,198.85
  - Date Range: 2025-06-02 to 2025-12-30
  - Unknown Provinces remaining: 0
  - Geographic source breakdown:
  -     * distributor_match: 20783

[2026-06-06 23:18:34] --- Data Quality Log: clean_sku_master ---
Shape: (1324, 26)
  - Total Unique SKUs: 1324
  - Imputed values: 463
  - Weight conflicts: 78
  - Top 3 Categories: CW, Fan, SDA

[2026-06-06 23:18:38] --- Data Quality Log: clean_distributors ---
Shape: (1218, 16)
  - Unique Customers: 569
  - Ambiguous locations (Multi-branch): 860
  - Unusable/Unknown geography: 0
  - Top 3 Provinces: Hồ Chí Minh, Hà Nội, Bình Dương

[2026-06-06 23:18:42] --- Data Quality Log: clean_shipments ---
Shape: (20783, 35)
  - Total Quantity: 265,212.73
  - Total Volume (CBM): 15,198.85
  - Date Range: 2025-06-02 to 2025-12-30
  - Unknown Provinces remaining: 0
  - Geographic source breakdown:
  -     * distributor_match: 20783

[2026-06-06 23:19:44] --- Data Quality Log: clean_sku_master ---
Shape: (1324, 26)
  - Total Unique SKUs: 1324
  - Imputed values: 463
  - Weight conflicts: 78
  - Top 3 Categories: CW, Fan, SDA

[2026-06-06 23:19:48] --- Data Quality Log: clean_distributors ---
Shape: (1218, 16)
  - Unique Customers: 569
  - Ambiguous locations (Multi-branch): 860
  - Unusable/Unknown geography: 0
  - Top 3 Provinces: Hồ Chí Minh, Hà Nội, Bình Dương

[2026-06-06 23:19:52] --- Data Quality Log: clean_shipments ---
Shape: (20783, 35)
  - Total Quantity: 265,212.73
  - Total Volume (CBM): 15,198.85
  - Date Range: 2025-06-02 to 2025-12-30
  - Unknown Provinces remaining: 0
  - Geographic source breakdown:
  -     * distributor_match: 20783

[2026-06-06 23:20:35] --- Data Quality Log: clean_sku_master ---
Shape: (1324, 26)
  - Total Unique SKUs: 1324
  - Imputed values: 463
  - Weight conflicts: 78
  - Top 3 Categories: CW, Fan, SDA

[2026-06-06 23:20:40] --- Data Quality Log: clean_distributors ---
Shape: (1218, 16)
  - Unique Customers: 569
  - Ambiguous locations (Multi-branch): 860
  - Unusable/Unknown geography: 0
  - Top 3 Provinces: Hồ Chí Minh, Hà Nội, Bình Dương

[2026-06-06 23:20:43] --- Data Quality Log: clean_shipments ---
Shape: (20783, 35)
  - Total Quantity: 265,212.73
  - Total Volume (CBM): 15,198.85
  - Date Range: 2025-06-02 to 2025-12-30
  - Unknown Provinces remaining: 0
  - Geographic source breakdown:
  -     * distributor_match: 20783

[2026-06-06 23:22:15] --- Data Quality Log: clean_sku_master ---
Shape: (1324, 26)
  - Total Unique SKUs: 1324
  - Imputed values: 463
  - Weight conflicts: 78
  - Top 3 Categories: CW, Fan, SDA

[2026-06-06 23:22:20] --- Data Quality Log: clean_distributors ---
Shape: (1218, 16)
  - Unique Customers: 569
  - Ambiguous locations (Multi-branch): 860
  - Unusable/Unknown geography: 0
  - Top 3 Provinces: Hồ Chí Minh, Hà Nội, Bình Dương

[2026-06-06 23:22:23] --- Data Quality Log: clean_shipments ---
Shape: (20783, 35)
  - Total Quantity: 265,212.73
  - Total Volume (CBM): 15,198.85
  - Date Range: 2025-06-02 to 2025-12-30
  - Unknown Provinces remaining: 0
  - Geographic source breakdown:
  -     * distributor_match: 20783

[2026-06-06 23:23:08] --- Data Quality Log: clean_sku_master ---
Shape: (1324, 26)
  - Total Unique SKUs: 1324
  - Imputed values: 463
  - Weight conflicts: 78
  - Top 3 Categories: CW, Fan, SDA

[2026-06-06 23:23:13] --- Data Quality Log: clean_distributors ---
Shape: (1218, 16)
  - Unique Customers: 569
  - Ambiguous locations (Multi-branch): 860
  - Unusable/Unknown geography: 0
  - Top 3 Provinces: Hồ Chí Minh, Hà Nội, Bình Dương

[2026-06-06 23:23:16] --- Data Quality Log: clean_shipments ---
Shape: (20783, 35)
  - Total Quantity: 265,212.73
  - Total Volume (CBM): 15,198.85
  - Date Range: 2025-06-02 to 2025-12-30
  - Unknown Provinces remaining: 0
  - Geographic source breakdown:
  -     * distributor_match: 20783

[2026-06-06 23:24:42] --- Data Quality Log: clean_sku_master ---
Shape: (1324, 26)
  - Total Unique SKUs: 1324
  - Imputed values: 463
  - Weight conflicts: 78
  - Top 3 Categories: CW, Fan, SDA

[2026-06-06 23:24:46] --- Data Quality Log: clean_distributors ---
Shape: (1218, 16)
  - Unique Customers: 569
  - Ambiguous locations (Multi-branch): 860
  - Unusable/Unknown geography: 0
  - Top 3 Provinces: Hồ Chí Minh, Hà Nội, Bình Dương

[2026-06-06 23:24:50] --- Data Quality Log: clean_shipments ---
Shape: (20783, 35)
  - Total Quantity: 265,212.73
  - Total Volume (CBM): 15,198.85
  - Date Range: 2025-06-02 to 2025-12-30
  - Unknown Provinces remaining: 0
  - Geographic source breakdown:
  -     * distributor_match: 20783

[2026-06-07 01:21:31] --- Data Quality Log: clean_sku_master ---
Shape: (1324, 26)
  - Total Unique SKUs: 1324
  - Imputed values: 463
  - Weight conflicts: 78
  - Top 3 Categories: CW, Fan, SDA

[2026-06-07 01:21:35] --- Data Quality Log: clean_distributors ---
Shape: (1218, 16)
  - Unique Customers: 569
  - Ambiguous locations (Multi-branch): 860
  - Unusable/Unknown geography: 0
  - Top 3 Provinces: Hồ Chí Minh, Hà Nội, Bình Dương

[2026-06-07 01:21:39] --- Data Quality Log: clean_shipments ---
Shape: (21400, 35)
  - Total Quantity: 281,704.73
  - Total Volume (CBM): 16,128.06
  - Date Range: 2025-06-02 to 2025-12-30
  - Unknown Provinces remaining: 26
  - Geographic source breakdown:
  -     * distributor_match: 20783
  -     * transaction_text_parse: 591
  -     * unresolved: 26

[2026-06-07 01:40:25] --- Data Quality Log: clean_sku_master ---
Shape: (1324, 26)
  - Total Unique SKUs: 1324
  - Imputed values: 463
  - Weight conflicts: 78
  - Top 3 Categories: CW, Fan, SDA

[2026-06-07 01:40:29] --- Data Quality Log: clean_distributors ---
Shape: (1218, 16)
  - Unique Customers: 569
  - Ambiguous locations (Multi-branch): 860
  - Unusable/Unknown geography: 0
  - Top 3 Provinces: Hồ Chí Minh, Hà Nội, Bình Dương

[2026-06-07 01:40:32] --- Data Quality Log: clean_shipments ---
Shape: (21400, 35)
  - Total Quantity: 281,704.73
  - Total Volume (CBM): 16,128.06
  - Date Range: 2025-06-02 to 2025-12-30
  - Unknown Provinces remaining: 26
  - Geographic source breakdown:
  -     * distributor_match: 20783
  -     * transaction_text_parse: 591
  -     * unresolved: 26

[2026-06-07 01:44:58] --- Data Quality Log: clean_sku_master ---
Shape: (1324, 26)
  - Total Unique SKUs: 1324
  - Imputed values: 463
  - Weight conflicts: 78
  - Top 3 Categories: CW, Fan, SDA

[2026-06-07 01:45:03] --- Data Quality Log: clean_distributors ---
Shape: (1218, 16)
  - Unique Customers: 569
  - Ambiguous locations (Multi-branch): 860
  - Unusable/Unknown geography: 0
  - Top 3 Provinces: Hồ Chí Minh, Hà Nội, Bình Dương

[2026-06-07 01:45:06] --- Data Quality Log: clean_shipments ---
Shape: (21400, 35)
  - Total Quantity: 281,704.73
  - Total Volume (CBM): 16,128.06
  - Date Range: 2025-06-02 to 2025-12-30
  - Unknown Provinces remaining: 26
  - Geographic source breakdown:
  -     * distributor_match: 20783
  -     * transaction_text_parse: 591
  -     * unresolved: 26

[2026-06-07 01:47:46] --- Data Quality Log: clean_sku_master ---
Shape: (1324, 26)
  - Total Unique SKUs: 1324
  - Imputed values: 463
  - Weight conflicts: 78
  - Top 3 Categories: CW, Fan, SDA

[2026-06-07 01:47:50] --- Data Quality Log: clean_distributors ---
Shape: (1218, 16)
  - Unique Customers: 569
  - Ambiguous locations (Multi-branch): 860
  - Unusable/Unknown geography: 0
  - Top 3 Provinces: Hồ Chí Minh, Hà Nội, Bình Dương

[2026-06-07 01:47:54] --- Data Quality Log: clean_shipments ---
Shape: (21400, 35)
  - Total Quantity: 281,704.73
  - Total Volume (CBM): 16,128.06
  - Date Range: 2025-06-02 to 2025-12-30
  - Unknown Provinces remaining: 26
  - Geographic source breakdown:
  -     * distributor_match: 20783
  -     * transaction_text_parse: 591
  -     * unresolved: 26

[2026-06-07 11:14:09] --- Data Quality Log: clean_sku_master ---
Shape: (1324, 26)
  - Total Unique SKUs: 1324
  - Imputed values: 463
  - Weight conflicts: 78
  - Top 3 Categories: CW, Fan, SDA

[2026-06-07 11:14:14] --- Data Quality Log: clean_distributors ---
Shape: (1218, 16)
  - Unique Customers: 569
  - Ambiguous locations (Multi-branch): 860
  - Unusable/Unknown geography: 0
  - Top 3 Provinces: Hồ Chí Minh, Hà Nội, Bình Dương

[2026-06-07 11:14:17] --- Data Quality Log: clean_shipments ---
Shape: (21400, 35)
  - Total Quantity: 281,704.73
  - Total Volume (CBM): 16,128.06
  - Date Range: 2025-06-02 to 2025-12-30
  - Unknown Provinces remaining: 26
  - Geographic source breakdown:
  -     * distributor_match: 20783
  -     * transaction_text_parse: 591
  -     * unresolved: 26

[2026-06-07 11:38:07] --- Data Quality Log: clean_sku_master ---
Shape: (1324, 26)
  - Total Unique SKUs: 1324
  - Imputed values: 463
  - Weight conflicts: 78
  - Top 3 Categories: CW, Fan, SDA

[2026-06-07 11:38:11] --- Data Quality Log: clean_distributors ---
Shape: (1218, 16)
  - Unique Customers: 569
  - Ambiguous locations (Multi-branch): 860
  - Unusable/Unknown geography: 0
  - Top 3 Provinces: Hồ Chí Minh, Hà Nội, Bình Dương

[2026-06-07 11:38:15] --- Data Quality Log: clean_shipments ---
Shape: (21400, 51)
  - Total Quantity: 281,704.73
  - Total Volume (CBM): 16,128.06
  - Date Range: 2025-06-02 to 2025-12-30
  - Unknown Provinces remaining: 26
  - Geographic source breakdown:
  -     * distributor_match: 20783
  -     * transaction_text_parse: 591
  -     * unresolved: 26

[2026-06-07 11:38:43] --- Data Quality Log: clean_sku_master ---
Shape: (1324, 26)
  - Total Unique SKUs: 1324
  - Imputed values: 463
  - Weight conflicts: 78
  - Top 3 Categories: CW, Fan, SDA

[2026-06-07 11:38:48] --- Data Quality Log: clean_distributors ---
Shape: (1218, 16)
  - Unique Customers: 569
  - Ambiguous locations (Multi-branch): 860
  - Unusable/Unknown geography: 0
  - Top 3 Provinces: Hồ Chí Minh, Hà Nội, Bình Dương

[2026-06-07 11:38:51] --- Data Quality Log: clean_shipments ---
Shape: (21400, 51)
  - Total Quantity: 281,704.73
  - Total Volume (CBM): 16,128.06
  - Date Range: 2025-06-02 to 2025-12-30
  - Unknown Provinces remaining: 26
  - Geographic source breakdown:
  -     * distributor_match: 20783
  -     * transaction_text_parse: 591
  -     * unresolved: 26

[2026-06-07 11:45:47] --- Data Quality Log: clean_sku_master ---
Shape: (1324, 26)
  - Total Unique SKUs: 1324
  - Imputed values: 463
  - Weight conflicts: 78
  - Top 3 Categories: CW, Fan, SDA

[2026-06-07 11:45:52] --- Data Quality Log: clean_distributors ---
Shape: (1218, 16)
  - Unique Customers: 569
  - Ambiguous locations (Multi-branch): 860
  - Unusable/Unknown geography: 0
  - Top 3 Provinces: Hồ Chí Minh, Hà Nội, Bình Dương

[2026-06-07 11:45:55] --- Data Quality Log: clean_shipments ---
Shape: (21400, 35)
  - Total Quantity: 281,704.73
  - Total Volume (CBM): 16,128.06
  - Date Range: 2025-06-02 to 2025-12-30
  - Unknown Provinces remaining: 26
  - Geographic source breakdown:
  -     * distributor_match: 20783
  -     * transaction_text_parse: 591
  -     * unresolved: 26

[2026-06-07 11:54:59] --- Data Quality Log: clean_sku_master ---
Shape: (1324, 26)
  - Total Unique SKUs: 1324
  - Imputed values: 463
  - Weight conflicts: 78
  - Top 3 Categories: CW, Fan, SDA

[2026-06-07 11:55:03] --- Data Quality Log: clean_distributors ---
Shape: (1218, 16)
  - Unique Customers: 569
  - Ambiguous locations (Multi-branch): 860
  - Unusable/Unknown geography: 0
  - Top 3 Provinces: Hồ Chí Minh, Hà Nội, Bình Dương

[2026-06-07 11:55:07] --- Data Quality Log: clean_shipments ---
Shape: (21400, 35)
  - Total Quantity: 281,704.73
  - Total Volume (CBM): 16,128.06
  - Date Range: 2025-06-02 to 2025-12-30
  - Unknown Provinces remaining: 26
  - Geographic source breakdown:
  -     * distributor_match: 20783
  -     * transaction_text_parse: 591
  -     * unresolved: 26

[2026-06-07 17:28:47] --- Data Quality Log: clean_sku_master ---
Shape: (1324, 26)
  - Total Unique SKUs: 1324
  - Imputed values: 463
  - Weight conflicts: 78
  - Top 3 Categories: CW, Fan, SDA

[2026-06-07 17:28:52] --- Data Quality Log: clean_distributors ---
Shape: (1218, 16)
  - Unique Customers: 569
  - Ambiguous locations (Multi-branch): 860
  - Unusable/Unknown geography: 0
  - Top 3 Provinces: Hồ Chí Minh, Hà Nội, Bình Dương

[2026-06-07 17:28:55] --- Data Quality Log: clean_shipments ---
Shape: (21400, 35)
  - Total Quantity: 281,704.73
  - Total Volume (CBM): 16,128.06
  - Date Range: 2025-06-02 to 2025-12-30
  - Unknown Provinces remaining: 26
  - Geographic source breakdown:
  -     * distributor_match: 20783
  -     * transaction_text_parse: 591
  -     * unresolved: 26

[2026-06-07 17:31:29] --- Data Quality Log: clean_sku_master ---
Shape: (1324, 26)
  - Total Unique SKUs: 1324
  - Imputed values: 463
  - Weight conflicts: 78
  - Top 3 Categories: CW, Fan, SDA

[2026-06-07 17:31:33] --- Data Quality Log: clean_distributors ---
Shape: (1218, 16)
  - Unique Customers: 569
  - Ambiguous locations (Multi-branch): 860
  - Unusable/Unknown geography: 0
  - Top 3 Provinces: Hồ Chí Minh, Hà Nội, Bình Dương

[2026-06-07 17:31:37] --- Data Quality Log: clean_shipments ---
Shape: (21400, 35)
  - Total Quantity: 281,704.73
  - Total Volume (CBM): 16,128.06
  - Date Range: 2025-06-02 to 2025-12-30
  - Unknown Provinces remaining: 26
  - Geographic source breakdown:
  -     * distributor_match: 20783
  -     * transaction_text_parse: 591
  -     * unresolved: 26

[2026-06-07 17:33:52] --- Data Quality Log: clean_sku_master ---
Shape: (1324, 26)
  - Total Unique SKUs: 1324
  - Imputed values: 463
  - Weight conflicts: 78
  - Top 3 Categories: CW, Fan, SDA

[2026-06-07 17:33:56] --- Data Quality Log: clean_distributors ---
Shape: (1218, 16)
  - Unique Customers: 569
  - Ambiguous locations (Multi-branch): 860
  - Unusable/Unknown geography: 0
  - Top 3 Provinces: Hồ Chí Minh, Hà Nội, Bình Dương

[2026-06-07 17:33:59] --- Data Quality Log: clean_shipments ---
Shape: (21400, 35)
  - Total Quantity: 281,704.73
  - Total Volume (CBM): 16,128.06
  - Date Range: 2025-06-02 to 2025-12-30
  - Unknown Provinces remaining: 26
  - Geographic source breakdown:
  -     * distributor_match: 20783
  -     * transaction_text_parse: 591
  -     * unresolved: 26

[2026-06-07 17:39:26] --- Data Quality Log: clean_sku_master ---
Shape: (1324, 26)
  - Total Unique SKUs: 1324
  - Imputed values: 463
  - Weight conflicts: 78
  - Top 3 Categories: CW, Fan, SDA

[2026-06-07 17:39:31] --- Data Quality Log: clean_distributors ---
Shape: (1218, 16)
  - Unique Customers: 569
  - Ambiguous locations (Multi-branch): 860
  - Unusable/Unknown geography: 0
  - Top 3 Provinces: Hồ Chí Minh, Hà Nội, Bình Dương

[2026-06-07 17:39:34] --- Data Quality Log: clean_shipments ---
Shape: (21400, 35)
  - Total Quantity: 281,704.73
  - Total Volume (CBM): 16,128.06
  - Date Range: 2025-06-02 to 2025-12-30
  - Unknown Provinces remaining: 26
  - Geographic source breakdown:
  -     * distributor_match: 20783
  -     * transaction_text_parse: 591
  -     * unresolved: 26

[2026-06-07 17:40:29] --- Data Quality Log: clean_sku_master ---
Shape: (1324, 26)
  - Total Unique SKUs: 1324
  - Imputed values: 463
  - Weight conflicts: 78
  - Top 3 Categories: CW, Fan, SDA

[2026-06-07 17:40:34] --- Data Quality Log: clean_distributors ---
Shape: (1218, 16)
  - Unique Customers: 569
  - Ambiguous locations (Multi-branch): 860
  - Unusable/Unknown geography: 0
  - Top 3 Provinces: Hồ Chí Minh, Hà Nội, Bình Dương

[2026-06-07 17:40:37] --- Data Quality Log: clean_shipments ---
Shape: (21400, 35)
  - Total Quantity: 281,704.73
  - Total Volume (CBM): 16,128.06
  - Date Range: 2025-06-02 to 2025-12-30
  - Unknown Provinces remaining: 26
  - Geographic source breakdown:
  -     * distributor_match: 20783
  -     * transaction_text_parse: 591
  -     * unresolved: 26

[2026-06-07 19:54:19] --- Data Quality Log: clean_sku_master ---
Shape: (1324, 26)
  - Total Unique SKUs: 1324
  - Imputed values: 463
  - Weight conflicts: 78
  - Top 3 Categories: CW, Fan, SDA

[2026-06-07 19:54:23] --- Data Quality Log: clean_distributors ---
Shape: (1218, 16)
  - Unique Customers: 569
  - Ambiguous locations (Multi-branch): 860
  - Unusable/Unknown geography: 0
  - Top 3 Provinces: Hồ Chí Minh, Hà Nội, Bình Dương

[2026-06-07 19:54:43] --- Data Quality Log: clean_sku_master ---
Shape: (1324, 26)
  - Total Unique SKUs: 1324
  - Imputed values: 463
  - Weight conflicts: 78
  - Top 3 Categories: CW, Fan, SDA

[2026-06-07 19:54:48] --- Data Quality Log: clean_distributors ---
Shape: (1218, 16)
  - Unique Customers: 569
  - Ambiguous locations (Multi-branch): 860
  - Unusable/Unknown geography: 0
  - Top 3 Provinces: Hồ Chí Minh, Hà Nội, Bình Dương

[2026-06-07 19:54:50] --- Data Quality Log: clean_shipments ---
Shape: (21400, 35)
  - Total Quantity: 281,704.73
  - Total Volume (CBM): 16,128.06
  - Date Range: 2025-06-02 to 2025-12-30
  - Unknown Provinces remaining: 617
  - Geographic source breakdown:
  -     * distributor_match: 20783
  -     * unresolved: 617

[2026-06-07 20:00:40] --- Data Quality Log: clean_sku_master ---
Shape: (1324, 26)
  - Total Unique SKUs: 1324
  - Imputed values: 463
  - Weight conflicts: 78
  - Top 3 Categories: CW, Fan, SDA

[2026-06-07 20:00:44] --- Data Quality Log: clean_distributors ---
Shape: (1218, 16)
  - Unique Customers: 569
  - Ambiguous locations (Multi-branch): 860
  - Unusable/Unknown geography: 0
  - Top 3 Provinces: Hồ Chí Minh, Hà Nội, Bình Dương

[2026-06-07 20:00:46] --- Data Quality Log: clean_shipments ---
Shape: (21400, 35)
  - Total Quantity: 281,704.73
  - Total Volume (CBM): 16,128.06
  - Date Range: 2025-06-02 to 2025-12-30
  - Unknown Provinces remaining: 617
  - Geographic source breakdown:
  -     * distributor_match: 20783
  -     * unresolved: 617

[2026-06-07 20:02:34] --- Data Quality Log: clean_sku_master ---
Shape: (1324, 26)
  - Total Unique SKUs: 1324
  - Imputed values: 463
  - Weight conflicts: 78
  - Top 3 Categories: CW, Fan, SDA

[2026-06-07 20:02:38] --- Data Quality Log: clean_distributors ---
Shape: (1218, 16)
  - Unique Customers: 569
  - Ambiguous locations (Multi-branch): 860
  - Unusable/Unknown geography: 0
  - Top 3 Provinces: Hồ Chí Minh, Hà Nội, Bình Dương

[2026-06-07 20:02:40] --- Data Quality Log: clean_shipments ---
Shape: (21400, 35)
  - Total Quantity: 281,704.73
  - Total Volume (CBM): 16,128.06
  - Date Range: 2025-06-02 to 2025-12-30
  - Unknown Provinces remaining: 617
  - Geographic source breakdown:
  -     * distributor_match: 20783
  -     * unresolved: 617

[2026-06-07 20:04:55] --- Data Quality Log: clean_sku_master ---
Shape: (1324, 26)
  - Total Unique SKUs: 1324
  - Imputed values: 463
  - Weight conflicts: 78
  - Top 3 Categories: CW, Fan, SDA

[2026-06-07 20:04:59] --- Data Quality Log: clean_distributors ---
Shape: (1218, 16)
  - Unique Customers: 569
  - Ambiguous locations (Multi-branch): 860
  - Unusable/Unknown geography: 0
  - Top 3 Provinces: Hồ Chí Minh, Hà Nội, Bình Dương

[2026-06-07 20:05:02] --- Data Quality Log: clean_shipments ---
Shape: (21400, 35)
  - Total Quantity: 281,704.73
  - Total Volume (CBM): 16,128.06
  - Date Range: 2025-06-02 to 2025-12-30
  - Unknown Provinces remaining: 617
  - Geographic source breakdown:
  -     * distributor_match: 20783
  -     * unresolved: 617

[2026-06-07 20:10:52] --- Data Quality Log: clean_sku_master ---
Shape: (1324, 26)
  - Total Unique SKUs: 1324
  - Imputed values: 463
  - Weight conflicts: 78
  - Top 3 Categories: CW, Fan, SDA

[2026-06-07 20:10:56] --- Data Quality Log: clean_distributors ---
Shape: (1217, 16)
  - Unique Customers: 569
  - Ambiguous locations (Multi-branch): 859
  - Unusable/Unknown geography: 0
  - Top 3 Provinces: Hồ Chí Minh, Hà Nội, Bình Dương

[2026-06-07 20:10:59] --- Data Quality Log: clean_shipments ---
Shape: (21400, 35)
  - Total Quantity: 281,704.73
  - Total Volume (CBM): 16,128.06
  - Date Range: 2025-06-02 to 2025-12-30
  - Unknown Provinces remaining: 617
  - Geographic source breakdown:
  -     * distributor_match: 20783
  -     * unresolved: 617

[2026-06-07 20:11:39] --- Data Quality Log: clean_sku_master ---
Shape: (1324, 26)
  - Total Unique SKUs: 1324
  - Imputed values: 463
  - Weight conflicts: 78
  - Top 3 Categories: CW, Fan, SDA

[2026-06-07 20:11:43] --- Data Quality Log: clean_distributors ---
Shape: (1193, 16)
  - Unique Customers: 569
  - Ambiguous locations (Multi-branch): 829
  - Unusable/Unknown geography: 0
  - Top 3 Provinces: Hồ Chí Minh, Hà Nội, Bình Dương

[2026-06-07 20:11:46] --- Data Quality Log: clean_shipments ---
Shape: (21400, 35)
  - Total Quantity: 281,704.73
  - Total Volume (CBM): 16,128.06
  - Date Range: 2025-06-02 to 2025-12-30
  - Unknown Provinces remaining: 617
  - Geographic source breakdown:
  -     * distributor_match: 20783
  -     * unresolved: 617

[2026-06-07 20:13:25] --- Data Quality Log: clean_sku_master ---
Shape: (1324, 26)
  - Total Unique SKUs: 1324
  - Imputed values: 463
  - Weight conflicts: 78
  - Top 3 Categories: CW, Fan, SDA

[2026-06-07 20:13:30] --- Data Quality Log: clean_distributors ---
Shape: (1193, 16)
  - Unique Customers: 569
  - Ambiguous locations (Multi-branch): 829
  - Unusable/Unknown geography: 0
  - Top 3 Provinces: Hồ Chí Minh, Hà Nội, Bình Dương

[2026-06-07 20:13:32] --- Data Quality Log: clean_shipments ---
Shape: (21400, 35)
  - Total Quantity: 281,704.73
  - Total Volume (CBM): 16,128.06
  - Date Range: 2025-06-02 to 2025-12-30
  - Unknown Provinces remaining: 617
  - Geographic source breakdown:
  -     * distributor_match: 20783
  -     * unresolved: 617

[2026-06-07 20:19:15] --- Data Quality Log: clean_sku_master ---
Shape: (1324, 26)
  - Total Unique SKUs: 1324
  - Imputed values: 463
  - Weight conflicts: 78
  - Top 3 Categories: CW, Fan, SDA

[2026-06-07 20:19:20] --- Data Quality Log: clean_distributors ---
Shape: (1193, 16)
  - Unique Customers: 569
  - Ambiguous locations (Multi-branch): 829
  - Unusable/Unknown geography: 0
  - Top 3 Provinces: Hồ Chí Minh, Hà Nội, Bình Dương

[2026-06-07 20:19:22] --- Data Quality Log: clean_shipments ---
Shape: (21400, 35)
  - Total Quantity: 281,704.73
  - Total Volume (CBM): 16,128.06
  - Date Range: 2025-06-02 to 2025-12-30
  - Unknown Provinces remaining: 617
  - Geographic source breakdown:
  -     * distributor_match: 20783
  -     * unresolved: 617

[2026-06-08 12:06:10] --- Data Quality Log: clean_sku_master ---
Shape: (1324, 26)
  - Total Unique SKUs: 1324
  - Imputed values: 463
  - Weight conflicts: 78
  - Top 3 Categories: CW, Fan, SDA

[2026-06-08 12:06:29] --- Data Quality Log: clean_sku_master ---
Shape: (1324, 26)
  - Total Unique SKUs: 1324
  - Imputed values: 463
  - Weight conflicts: 78
  - Top 3 Categories: CW, Fan, SDA

[2026-06-08 12:06:35] --- Data Quality Log: clean_distributors ---
Shape: (1193, 16)
  - Unique Customers: 569
  - Ambiguous locations (Multi-branch): 829
  - Unusable/Unknown geography: 0
  - Top 3 Provinces: Hồ Chí Minh, Hà Nội, Bình Dương

[2026-06-08 12:06:38] --- Data Quality Log: clean_shipments ---
Shape: (21400, 35)
  - Total Quantity: 281,704.73
  - Total Volume (CBM): 16,128.06
  - Date Range: 2025-06-02 to 2025-12-30
  - Unknown Provinces remaining: 617
  - Geographic source breakdown:
  -     * distributor_match: 20783
  -     * unresolved: 617

[2026-06-08 12:07:18] --- Data Quality Log: clean_sku_master ---
Shape: (1324, 26)
  - Total Unique SKUs: 1324
  - Imputed values: 463
  - Weight conflicts: 78
  - Top 3 Categories: CW, Fan, SDA

[2026-06-08 12:07:23] --- Data Quality Log: clean_distributors ---
Shape: (1193, 16)
  - Unique Customers: 569
  - Ambiguous locations (Multi-branch): 829
  - Unusable/Unknown geography: 0
  - Top 3 Provinces: Hồ Chí Minh, Hà Nội, Bình Dương

[2026-06-08 12:07:25] --- Data Quality Log: clean_shipments ---
Shape: (21400, 35)
  - Total Quantity: 281,704.73
  - Total Volume (CBM): 16,128.06
  - Date Range: 2025-06-02 to 2025-12-30
  - Unknown Provinces remaining: 617
  - Geographic source breakdown:
  -     * distributor_match: 20783
  -     * unresolved: 617

[2026-06-08 12:08:31] --- Data Quality Log: clean_sku_master ---
Shape: (1324, 26)
  - Total Unique SKUs: 1324
  - Imputed values: 463
  - Weight conflicts: 78
  - Top 3 Categories: CW, Fan, SDA

[2026-06-08 12:08:36] --- Data Quality Log: clean_distributors ---
Shape: (1193, 16)
  - Unique Customers: 569
  - Ambiguous locations (Multi-branch): 829
  - Unusable/Unknown geography: 0
  - Top 3 Provinces: Hồ Chí Minh, Hà Nội, Bình Dương

[2026-06-08 12:08:39] --- Data Quality Log: clean_shipments ---
Shape: (21400, 35)
  - Total Quantity: 281,704.73
  - Total Volume (CBM): 16,128.06
  - Date Range: 2025-06-02 to 2025-12-30
  - Unknown Provinces remaining: 617
  - Geographic source breakdown:
  -     * distributor_match: 20783
  -     * unresolved: 617

[2026-06-08 12:12:40] --- Data Quality Log: clean_sku_master ---
Shape: (1324, 26)
  - Total Unique SKUs: 1324
  - Imputed values: 463
  - Weight conflicts: 78
  - Top 3 Categories: CW, Fan, SDA

[2026-06-08 12:12:46] --- Data Quality Log: clean_distributors ---
Shape: (1193, 16)
  - Unique Customers: 569
  - Ambiguous locations (Multi-branch): 829
  - Unusable/Unknown geography: 0
  - Top 3 Provinces: Hồ Chí Minh, Hà Nội, Bình Dương

[2026-06-08 12:12:48] --- Data Quality Log: clean_shipments ---
Shape: (21400, 35)
  - Total Quantity: 281,704.73
  - Total Volume (CBM): 16,128.06
  - Date Range: 2025-06-02 to 2025-12-30
  - Unknown Provinces remaining: 617
  - Geographic source breakdown:
  -     * distributor_match: 20783
  -     * unresolved: 617

[2026-06-08 12:22:49] --- Data Quality Log: clean_sku_master ---
Shape: (1324, 26)
  - Total Unique SKUs: 1324
  - Imputed values: 463
  - Weight conflicts: 78
  - Top 3 Categories: CW, Fan, SDA

[2026-06-08 12:22:55] --- Data Quality Log: clean_distributors ---
Shape: (1193, 16)
  - Unique Customers: 569
  - Ambiguous locations (Multi-branch): 829
  - Unusable/Unknown geography: 0
  - Top 3 Provinces: Hồ Chí Minh, Hà Nội, Bình Dương

[2026-06-08 12:22:57] --- Data Quality Log: clean_shipments ---
Shape: (21400, 35)
  - Total Quantity: 281,704.73
  - Total Volume (CBM): 16,128.06
  - Date Range: 2025-06-02 to 2025-12-30
  - Unknown Provinces remaining: 617
  - Geographic source breakdown:
  -     * distributor_match: 20783
  -     * unresolved: 617

[2026-06-08 12:35:05] --- Data Quality Log: clean_sku_master ---
Shape: (1324, 26)
  - Total Unique SKUs: 1324
  - Imputed values: 463
  - Weight conflicts: 78
  - Top 3 Categories: CW, Fan, SDA

[2026-06-08 12:35:11] --- Data Quality Log: clean_distributors ---
Shape: (1193, 16)
  - Unique Customers: 569
  - Ambiguous locations (Multi-branch): 829
  - Unusable/Unknown geography: 0
  - Top 3 Provinces: Hồ Chí Minh, Hà Nội, Bình Dương

[2026-06-08 12:35:13] --- Data Quality Log: clean_shipments ---
Shape: (21400, 35)
  - Total Quantity: 281,704.73
  - Total Volume (CBM): 16,128.06
  - Date Range: 2025-06-02 to 2025-12-30
  - Unknown Provinces remaining: 617
  - Geographic source breakdown:
  -     * distributor_match: 20783
  -     * unresolved: 617

[2026-06-08 14:36:12] --- Data Quality Log: clean_sku_master ---
Shape: (1324, 26)
  - Total Unique SKUs: 1324
  - Imputed values: 463
  - Weight conflicts: 78
  - Top 3 Categories: CW, Fan, SDA

[2026-06-08 14:36:42] --- Data Quality Log: clean_sku_master ---
Shape: (1324, 26)
  - Total Unique SKUs: 1324
  - Imputed values: 463
  - Weight conflicts: 78
  - Top 3 Categories: CW, Fan, SDA

[2026-06-08 14:36:44] --- Data Quality Log: clean_distributors ---
Shape: (1193, 16)
  - Unique Customers: 569
  - Ambiguous locations (Multi-branch): 829
  - Unusable/Unknown geography: 0
  - Top 3 Provinces: Hồ Chí Minh, Hà Nội, Bình Dương

[2026-06-08 14:36:46] --- Data Quality Log: clean_shipments ---
Shape: (21400, 35)
  - Total Quantity: 281,704.73
  - Total Volume (CBM): 16,128.06
  - Date Range: 2025-06-02 to 2025-12-30
  - Unknown Provinces remaining: 617
  - Geographic source breakdown:
  -     * distributor_match: 20783
  -     * unresolved: 617

[2026-06-08 14:38:13] --- Data Quality Log: clean_sku_master ---
Shape: (1324, 26)
  - Total Unique SKUs: 1324
  - Imputed values: 463
  - Weight conflicts: 78
  - Top 3 Categories: CW, Fan, SDA

[2026-06-08 14:38:14] --- Data Quality Log: clean_distributors ---
Shape: (1193, 16)
  - Unique Customers: 569
  - Ambiguous locations (Multi-branch): 829
  - Unusable/Unknown geography: 0
  - Top 3 Provinces: Hồ Chí Minh, Hà Nội, Bình Dương

[2026-06-08 14:38:16] --- Data Quality Log: clean_shipments ---
Shape: (21400, 35)
  - Total Quantity: 281,704.73
  - Total Volume (CBM): 16,128.06
  - Date Range: 2025-06-02 to 2025-12-30
  - Unknown Provinces remaining: 617
  - Geographic source breakdown:
  -     * distributor_match: 20783
  -     * unresolved: 617

[2026-06-08 14:58:09] --- Data Quality Log: clean_sku_master ---
Shape: (1324, 26)
  - Total Unique SKUs: 1324
  - Imputed values: 463
  - Weight conflicts: 78
  - Top 3 Categories: CW, Fan, SDA

[2026-06-08 14:58:10] --- Data Quality Log: clean_distributors ---
Shape: (1193, 16)
  - Unique Customers: 569
  - Ambiguous locations (Multi-branch): 829
  - Unusable/Unknown geography: 0
  - Top 3 Provinces: Hồ Chí Minh, Hà Nội, Bình Dương

[2026-06-08 14:58:12] --- Data Quality Log: clean_shipments ---
Shape: (21400, 35)
  - Total Quantity: 281,704.73
  - Total Volume (CBM): 16,128.06
  - Date Range: 2025-06-02 to 2025-12-30
  - Unknown Provinces remaining: 617
  - Geographic source breakdown:
  -     * distributor_match: 20783
  -     * unresolved: 617

[2026-06-08 15:05:29] --- Data Quality Log: clean_sku_master ---
Shape: (1324, 26)
  - Total Unique SKUs: 1324
  - Imputed values: 463
  - Weight conflicts: 78
  - Top 3 Categories: CW, Fan, SDA

[2026-06-08 15:05:31] --- Data Quality Log: clean_distributors ---
Shape: (1193, 16)
  - Unique Customers: 569
  - Ambiguous locations (Multi-branch): 829
  - Unusable/Unknown geography: 0
  - Top 3 Provinces: Hồ Chí Minh, Hà Nội, Bình Dương

[2026-06-08 15:05:33] --- Data Quality Log: clean_shipments ---
Shape: (21400, 35)
  - Total Quantity: 281,704.73
  - Total Volume (CBM): 16,128.06
  - Date Range: 2025-06-02 to 2025-12-30
  - Unknown Provinces remaining: 617
  - Geographic source breakdown:
  -     * distributor_match: 20783
  -     * unresolved: 617

[2026-06-08 15:07:24] --- Data Quality Log: clean_sku_master ---
Shape: (1324, 26)
  - Total Unique SKUs: 1324
  - Imputed values: 463
  - Weight conflicts: 78
  - Top 3 Categories: CW, Fan, SDA

[2026-06-08 15:07:25] --- Data Quality Log: clean_distributors ---
Shape: (1193, 16)
  - Unique Customers: 569
  - Ambiguous locations (Multi-branch): 829
  - Unusable/Unknown geography: 0
  - Top 3 Provinces: Hồ Chí Minh, Hà Nội, Bình Dương

[2026-06-08 15:07:28] --- Data Quality Log: clean_shipments ---
Shape: (21400, 35)
  - Total Quantity: 281,704.73
  - Total Volume (CBM): 16,128.06
  - Date Range: 2025-06-02 to 2025-12-30
  - Unknown Provinces remaining: 617
  - Geographic source breakdown:
  -     * distributor_match: 20783
  -     * unresolved: 617

[2026-06-08 15:40:23] --- Data Quality Log: clean_sku_master ---
Shape: (1324, 26)
  - Total Unique SKUs: 1324
  - Imputed values: 463
  - Weight conflicts: 78
  - Top 3 Categories: CW, Fan, SDA

[2026-06-08 15:40:25] --- Data Quality Log: clean_distributors ---
Shape: (1193, 16)
  - Unique Customers: 569
  - Ambiguous locations (Multi-branch): 829
  - Unusable/Unknown geography: 0
  - Top 3 Provinces: Hồ Chí Minh, Hà Nội, Bình Dương

[2026-06-08 15:40:27] --- Data Quality Log: clean_shipments ---
Shape: (21400, 35)
  - Total Quantity: 281,704.73
  - Total Volume (CBM): 16,128.06
  - Date Range: 2025-06-02 to 2025-12-30
  - Unknown Provinces remaining: 617
  - Geographic source breakdown:
  -     * distributor_match: 20783
  -     * unresolved: 617

[2026-06-09 00:05:08] --- Data Quality Log: clean_sku_master ---
Shape: (1324, 26)
  - Total Unique SKUs: 1324
  - Imputed values: 463
  - Weight conflicts: 78
  - Top 3 Categories: CW, Fan, SDA

[2026-06-09 00:05:10] --- Data Quality Log: clean_distributors ---
Shape: (1193, 16)
  - Unique Customers: 569
  - Ambiguous locations (Multi-branch): 829
  - Unusable/Unknown geography: 0
  - Top 3 Provinces: Hồ Chí Minh, Hà Nội, Bình Dương

[2026-06-09 00:05:12] --- Data Quality Log: clean_shipments ---
Shape: (21400, 35)
  - Total Quantity: 281,704.73
  - Total Volume (CBM): 16,128.06
  - Date Range: 2025-06-02 to 2025-12-30
  - Unknown Provinces remaining: 617
  - Geographic source breakdown:
  -     * distributor_match: 20783
  -     * unresolved: 617

[2026-06-09 00:05:47] --- Data Quality Log: clean_sku_master ---
Shape: (1324, 26)
  - Total Unique SKUs: 1324
  - Imputed values: 463
  - Weight conflicts: 78
  - Top 3 Categories: CW, Fan, SDA

[2026-06-09 00:05:49] --- Data Quality Log: clean_distributors ---
Shape: (1193, 16)
  - Unique Customers: 569
  - Ambiguous locations (Multi-branch): 829
  - Unusable/Unknown geography: 0
  - Top 3 Provinces: Hồ Chí Minh, Hà Nội, Bình Dương

[2026-06-09 00:05:51] --- Data Quality Log: clean_shipments ---
Shape: (21400, 35)
  - Total Quantity: 281,704.73
  - Total Volume (CBM): 16,128.06
  - Date Range: 2025-06-02 to 2025-12-30
  - Unknown Provinces remaining: 617
  - Geographic source breakdown:
  -     * distributor_match: 20783
  -     * unresolved: 617

[2026-06-09 00:06:21] --- Data Quality Log: clean_sku_master ---
Shape: (1324, 26)
  - Total Unique SKUs: 1324
  - Imputed values: 463
  - Weight conflicts: 78
  - Top 3 Categories: CW, Fan, SDA

[2026-06-09 00:06:22] --- Data Quality Log: clean_distributors ---
Shape: (1193, 16)
  - Unique Customers: 569
  - Ambiguous locations (Multi-branch): 829
  - Unusable/Unknown geography: 0
  - Top 3 Provinces: Hồ Chí Minh, Hà Nội, Bình Dương

[2026-06-09 00:06:24] --- Data Quality Log: clean_shipments ---
Shape: (21400, 35)
  - Total Quantity: 281,704.73
  - Total Volume (CBM): 16,128.06
  - Date Range: 2025-06-02 to 2025-12-30
  - Unknown Provinces remaining: 617
  - Geographic source breakdown:
  -     * distributor_match: 20783
  -     * unresolved: 617

[2026-06-09 00:10:47] --- Data Quality Log: clean_sku_master ---
Shape: (1324, 26)
  - Total Unique SKUs: 1324
  - Imputed values: 463
  - Weight conflicts: 78
  - Top 3 Categories: CW, Fan, SDA

[2026-06-09 00:10:49] --- Data Quality Log: clean_distributors ---
Shape: (1193, 16)
  - Unique Customers: 569
  - Ambiguous locations (Multi-branch): 829
  - Unusable/Unknown geography: 0
  - Top 3 Provinces: Hồ Chí Minh, Hà Nội, Bình Dương

[2026-06-09 00:10:51] --- Data Quality Log: clean_shipments ---
Shape: (21400, 35)
  - Total Quantity: 281,704.73
  - Total Volume (CBM): 16,128.06
  - Date Range: 2025-06-02 to 2025-12-30
  - Unknown Provinces remaining: 617
  - Geographic source breakdown:
  -     * distributor_match: 20783
  -     * unresolved: 617

[2026-06-09 00:12:06] --- Data Quality Log: clean_sku_master ---
Shape: (1324, 26)
  - Total Unique SKUs: 1324
  - Imputed values: 463
  - Weight conflicts: 78
  - Top 3 Categories: CW, Fan, SDA

[2026-06-09 00:12:07] --- Data Quality Log: clean_distributors ---
Shape: (1193, 16)
  - Unique Customers: 569
  - Ambiguous locations (Multi-branch): 829
  - Unusable/Unknown geography: 0
  - Top 3 Provinces: Hồ Chí Minh, Hà Nội, Bình Dương

[2026-06-09 00:12:09] --- Data Quality Log: clean_shipments ---
Shape: (21400, 35)
  - Total Quantity: 281,704.73
  - Total Volume (CBM): 16,128.06
  - Date Range: 2025-06-02 to 2025-12-30
  - Unknown Provinces remaining: 617
  - Geographic source breakdown:
  -     * distributor_match: 20783
  -     * unresolved: 617

